[Epoch:0000] Training Start!
Training Done! it tooks time:
00: 00: 23
Result of Test: HR = 0.4429, NDCG = 0.2465
[Epoch:0001] Training Start!
Training Done! it tooks time:
00: 00: 24
Result of Test: HR = 0.4546, NDCG = 0.2534
[Epoch:0002] Training Start!
Training Done! it tooks time:
00: 00: 25
Result of Test: HR = 0.4873, NDCG = 0.2721
[Epoch:0003] Training Start!
Training Done! it tooks time:
00: 00: 24
Result of Test: HR = 0.5189, NDCG = 0.2891
[Epoch:0004] Training Start!
Training Done! it tooks time:
00: 00: 23
Result of Test: HR = 0.5517, NDCG = 0.3102
[Epoch:0005] Training Start!
Training Done! it tooks time:
00: 00: 25
Result of Test: HR = 0.5838, NDCG = 0.3287
[Epoch:0006] Training Start!
Training Done! it tooks time:
00: 00: 25
Result of Test: HR = 0.6023, NDCG = 0.3423
[Epoch:0007] Training Start!
Training Done! it tooks time:
00: 00: 24
Result of Test: HR = 0.6199, NDCG = 0.3535
[Epoch:0008] Training Start!
Training Done! it tooks time:
00: 00: 24
Result of Test: HR = 0.6305, NDCG = 0.3619
[Epoch:0009] Training Start!
Training Done! it tooks time:
00: 00: 24
Result of Test: HR = 0.6440, NDCG = 0.3708
[Epoch:0010] Training Start!
Training Done! it tooks time:
00: 00: 23
Result of Test: HR = 0.6520, NDCG = 0.3784
[Epoch:0011] Training Start!
Training Done! it tooks time:
00: 00: 23
Result of Test: HR = 0.6596, NDCG = 0.3851
[Epoch:0012] Training Start!
Training Done! it tooks time:
00: 00: 23
Result of Test: HR = 0.6709, NDCG = 0.3902
[Epoch:0013] Training Start!
Training Done! it tooks time:
00: 00: 23
Result of Test: HR = 0.6743, NDCG = 0.3942
[Epoch:0014] Training Start!
Training Done! it tooks time:
00: 00: 24
Result of Test: HR = 0.6828, NDCG = 0.3989
[Epoch:0015] Training Start!
Training Done! it tooks time:
00: 00: 23
Result of Test: HR = 0.6868, NDCG = 0.3998
[Epoch:0016] Training Start!
Training Done! it tooks time:
00: 00: 24
Result of Test: HR = 0.6874, NDCG = 0.4012
[Epoch:0017] Training Start!
Training Done! it tooks time:
00: 00: 23
Result of Test: HR = 0.6853, NDCG = 0.4030
[Epoch:0018] Training Start!
Training Done! it tooks time:
00: 00: 23
Result of Test: HR = 0.6916, NDCG = 0.4067
[Epoch:0019] Training Start!
Training Done! it tooks time:
00: 00: 23
Result of Test: HR = 0.6944, NDCG = 0.4098
[Epoch:0020] Training Start!
Training Done! it tooks time:
00: 00: 24
Result of Test: HR = 0.6911, NDCG = 0.4088
[Epoch:0021] Training Start!
Training Done! it tooks time:
00: 00: 23
Result of Test: HR = 0.6921, NDCG = 0.4090
[Epoch:0022] Training Start!
Training Done! it tooks time:
00: 00: 23
Result of Test: HR = 0.6937, NDCG = 0.4098
[Epoch:0023] Training Start!
Training Done! it tooks time:
00: 00: 23
Result of Test: HR = 0.6954, NDCG = 0.4105
[Epoch:0024] Training Start!
Training Done! it tooks time:
00: 00: 23
Result of Test: HR = 0.6970, NDCG = 0.4134
[Epoch:0025] Training Start!
Training Done! it tooks time:
00: 00: 25
Result of Test: HR = 0.6983, NDCG = 0.4133
[Epoch:0026] Training Start!
Training Done! it tooks time:
00: 00: 25
Result of Test: HR = 0.6967, NDCG = 0.4144
[Epoch:0027] Training Start!
Training Done! it tooks time:
00: 00: 23
Result of Test: HR = 0.6962, NDCG = 0.4152
[Epoch:0028] Training Start!
Training Done! it tooks time:
00: 00: 23
Result of Test: HR = 0.6977, NDCG = 0.4152
[Epoch:0029] Training Start!
Training Done! it tooks time:
00: 00: 25
Result of Test: HR = 0.6980, NDCG = 0.4151
[Epoch:0030] Training Start!
Training Done! it tooks time:
00: 00: 24
Result of Test: HR = 0.6954, NDCG = 0.4150
[Epoch:0031] Training Start!
Training Done! it tooks time:
00: 00: 23
Result of Test: HR = 0.6932, NDCG = 0.4159
[Epoch:0032] Training Start!
Training Done! it tooks time:
00: 00: 24
Result of Test: HR = 0.6972, NDCG = 0.4168
[Epoch:0033] Training Start!
Training Done! it tooks time:
00: 00: 23
Result of Test: HR = 0.6965, NDCG = 0.4169
[Epoch:0034] Training Start!
Training Done! it tooks time:
00: 00: 23
Result of Test: HR = 0.6945, NDCG = 0.4153
[Epoch:0035] Training Start!
Training Done! it tooks time:
00: 00: 24
Result of Test: HR = 0.6985, NDCG = 0.4162
[Epoch:0036] Training Start!
Training Done! it tooks time:
00: 00: 23
Result of Test: HR = 0.7003, NDCG = 0.4178
[Epoch:0037] Training Start!
Training Done! it tooks time:
00: 00: 24
Result of Test: HR = 0.6975, NDCG = 0.4179
[Epoch:0038] Training Start!
Training Done! it tooks time:
00: 00: 24
Result of Test: HR = 0.6972, NDCG = 0.4170
[Epoch:0039] Training Start!
Training Done! it tooks time:
00: 00: 23
Result of Test: HR = 0.6947, NDCG = 0.4163
[Epoch:0040] Training Start!
Training Done! it tooks time:
00: 00: 24
Result of Test: HR = 0.6952, NDCG = 0.4187
[Epoch:0041] Training Start!
Training Done! it tooks time:
00: 00: 25
Result of Test: HR = 0.6952, NDCG = 0.4184
[Epoch:0042] Training Start!
Training Done! it tooks time:
00: 00: 23
Result of Test: HR = 0.6965, NDCG = 0.4166
[Epoch:0043] Training Start!
Training Done! it tooks time:
00: 00: 23
Result of Test: HR = 0.6932, NDCG = 0.4198
[Epoch:0044] Training Start!
Training Done! it tooks time:
00: 00: 23
Result of Test: HR = 0.6954, NDCG = 0.4185
[Epoch:0045] Training Start!
Training Done! it tooks time:
00: 00: 24
Result of Test: HR = 0.6957, NDCG = 0.4190
[Epoch:0046] Training Start!
Training Done! it tooks time:
00: 00: 24
Result of Test: HR = 0.6934, NDCG = 0.4171
[Epoch:0047] Training Start!
Training Done! it tooks time:
00: 00: 23
Result of Test: HR = 0.6998, NDCG = 0.4180
[Epoch:0048] Training Start!
Training Done! it tooks time:
00: 00: 23
Result of Test: HR = 0.6985, NDCG = 0.4184
[Epoch:0049] Training Start!
Training Done! it tooks time:
00: 00: 23
Result of Test: HR = 0.6952, NDCG = 0.4180
End. Best epoch:036: HR = 0.7003,NDCG = 0.4178
