2022-06-27 16:10:52,459 - root - INFO - Namespace(Ks='[20,40,60,80,100]', aggregation_type='bi-interaction', cf_batch_size=1024, cf_l2loss_lambda=1e-05, cf_print_every=1, conv_dim_list='[64,32,16]', data_dir='datasets/', data_name='amazon-book', embed_dim=64, evaluate_every=10, kg_batch_size=2048, kg_l2loss_lambda=1e-05, kg_print_every=1, laplacian_type='random-walk', lr=0.0001, mess_dropout='[0.1,0.1,0.1]', n_epoch=1000, pretrain_embedding_dir='datasets/pretrain/', pretrain_model_path='trained_model/model.pth', relation_dim=64, save_dir='trained_model/KGAT/amazon-book/embed-dim64_relation-dim64_random-walk_bi-interaction_64-32-16_lr0.0001_pretrain1/', seed=2022, stopping_steps=10, test_batch_size=10000, use_pretrain=1)
2022-06-27 16:11:30,623 - root - INFO - n_users:           70679
2022-06-27 16:11:30,623 - root - INFO - n_items:           24915
2022-06-27 16:11:30,624 - root - INFO - n_entities:        25011
2022-06-27 16:11:30,624 - root - INFO - n_users_entities:  95690
2022-06-27 16:11:30,624 - root - INFO - n_relations:       26
2022-06-27 16:11:30,624 - root - INFO - n_h_list:          1305228
2022-06-27 16:11:30,624 - root - INFO - n_t_list:          1305228
2022-06-27 16:11:30,624 - root - INFO - n_r_list:          1305228
2022-06-27 16:11:30,624 - root - INFO - n_cf_train:        652514
2022-06-27 16:11:30,624 - root - INFO - n_cf_test:         193920
2022-06-27 16:11:30,624 - root - INFO - n_kg_train:        1305228
2022-06-27 16:11:33,209 - root - INFO - DataParallel(
  (module): KGAT(
    (entity_user_embed): Embedding(95690, 64)
    (relation_embed): Embedding(26, 64)
    (aggregator_layers): ModuleList(
      (0): Aggregator(
        (message_dropout): Dropout(p=0.1, inplace=False)
        (activation): LeakyReLU(negative_slope=0.01)
        (linear1): Linear(in_features=64, out_features=64, bias=True)
        (linear2): Linear(in_features=64, out_features=64, bias=True)
      )
      (1): Aggregator(
        (message_dropout): Dropout(p=0.1, inplace=False)
        (activation): LeakyReLU(negative_slope=0.01)
        (linear1): Linear(in_features=64, out_features=32, bias=True)
        (linear2): Linear(in_features=64, out_features=32, bias=True)
      )
      (2): Aggregator(
        (message_dropout): Dropout(p=0.1, inplace=False)
        (activation): LeakyReLU(negative_slope=0.01)
        (linear1): Linear(in_features=32, out_features=16, bias=True)
        (linear2): Linear(in_features=32, out_features=16, bias=True)
      )
    )
  )
)
