2022-06-26 16:56:08,500 - root - INFO - Namespace(Ks='[20,40,60,80,100]', aggregation_type='bi-interaction', cf_batch_size=1024, cf_l2loss_lambda=1e-05, cf_print_every=1, conv_dim_list='[64,32,16]', data_dir='datasets/', data_name='amazon-book', embed_dim=64, evaluate_every=10, kg_batch_size=2048, kg_l2loss_lambda=1e-05, kg_print_every=1, laplacian_type='random-walk', lr=0.0001, mess_dropout='[0.1,0.1,0.1]', n_epoch=1000, pretrain_embedding_dir='datasets/pretrain/', pretrain_model_path='trained_model/model.pth', relation_dim=64, save_dir='trained_model/KGAT/amazon-book/embed-dim64_relation-dim64_random-walk_bi-interaction_64-32-16_lr0.0001_pretrain1/', seed=2022, stopping_steps=10, test_batch_size=10000, use_pretrain=1)
2022-06-26 17:08:38,726 - root - INFO - Namespace(Ks='[20,40,60,80,100]', aggregation_type='bi-interaction', cf_batch_size=1024, cf_l2loss_lambda=1e-05, cf_print_every=1, conv_dim_list='[64,32,16]', data_dir='datasets/', data_name='amazon-book', embed_dim=64, evaluate_every=10, kg_batch_size=2048, kg_l2loss_lambda=1e-05, kg_print_every=1, laplacian_type='random-walk', lr=0.0001, mess_dropout='[0.1,0.1,0.1]', n_epoch=1000, pretrain_embedding_dir='datasets/pretrain/', pretrain_model_path='trained_model/model.pth', relation_dim=64, save_dir='trained_model/KGAT/amazon-book/embed-dim64_relation-dim64_random-walk_bi-interaction_64-32-16_lr0.0001_pretrain1/', seed=2022, stopping_steps=10, test_batch_size=10000, use_pretrain=1)
2022-06-26 17:09:17,056 - root - INFO - n_users:           70679
2022-06-26 17:09:17,056 - root - INFO - n_items:           24915
2022-06-26 17:09:17,056 - root - INFO - n_entities:        25011
2022-06-26 17:09:17,057 - root - INFO - n_users_entities:  95690
2022-06-26 17:09:17,057 - root - INFO - n_relations:       26
2022-06-26 17:09:17,057 - root - INFO - n_h_list:          1305228
2022-06-26 17:09:17,057 - root - INFO - n_t_list:          1305228
2022-06-26 17:09:17,057 - root - INFO - n_r_list:          1305228
2022-06-26 17:09:17,057 - root - INFO - n_cf_train:        652514
2022-06-26 17:09:17,057 - root - INFO - n_cf_test:         193920
2022-06-26 17:09:17,057 - root - INFO - n_kg_train:        1305228
2022-06-26 17:21:54,093 - root - INFO - Namespace(Ks='[20,40,60,80,100]', aggregation_type='bi-interaction', cf_batch_size=1024, cf_l2loss_lambda=1e-05, cf_print_every=1, conv_dim_list='[64,32,16]', data_dir='datasets/', data_name='amazon-book', embed_dim=64, evaluate_every=10, kg_batch_size=2048, kg_l2loss_lambda=1e-05, kg_print_every=1, laplacian_type='random-walk', lr=0.0001, mess_dropout='[0.1,0.1,0.1]', n_epoch=1000, pretrain_embedding_dir='datasets/pretrain/', pretrain_model_path='trained_model/model.pth', relation_dim=64, save_dir='trained_model/KGAT/amazon-book/embed-dim64_relation-dim64_random-walk_bi-interaction_64-32-16_lr0.0001_pretrain1/', seed=2022, stopping_steps=10, test_batch_size=10000, use_pretrain=1)
2022-06-26 17:22:31,367 - root - INFO - n_users:           70679
2022-06-26 17:22:31,367 - root - INFO - n_items:           24915
2022-06-26 17:22:31,367 - root - INFO - n_entities:        25011
2022-06-26 17:22:31,367 - root - INFO - n_users_entities:  95690
2022-06-26 17:22:31,367 - root - INFO - n_relations:       26
2022-06-26 17:22:31,367 - root - INFO - n_h_list:          1305228
2022-06-26 17:22:31,367 - root - INFO - n_t_list:          1305228
2022-06-26 17:22:31,367 - root - INFO - n_r_list:          1305228
2022-06-26 17:22:31,367 - root - INFO - n_cf_train:        652514
2022-06-26 17:22:31,367 - root - INFO - n_cf_test:         193920
2022-06-26 17:22:31,367 - root - INFO - n_kg_train:        1305228
2022-06-26 18:52:34,262 - root - INFO - Namespace(Ks='[20,40,60,80,100]', aggregation_type='bi-interaction', cf_batch_size=1024, cf_l2loss_lambda=1e-05, cf_print_every=1, conv_dim_list='[64,32,16]', data_dir='datasets/', data_name='amazon-book', embed_dim=64, evaluate_every=10, kg_batch_size=2048, kg_l2loss_lambda=1e-05, kg_print_every=1, laplacian_type='random-walk', lr=0.0001, mess_dropout='[0.1,0.1,0.1]', n_epoch=1000, pretrain_embedding_dir='datasets/pretrain/', pretrain_model_path='trained_model/model.pth', relation_dim=64, save_dir='trained_model/KGAT/amazon-book/embed-dim64_relation-dim64_random-walk_bi-interaction_64-32-16_lr0.0001_pretrain1/', seed=2022, stopping_steps=10, test_batch_size=10000, use_pretrain=1)
2022-06-26 18:53:11,928 - root - INFO - n_users:           70679
2022-06-26 18:53:11,928 - root - INFO - n_items:           24915
2022-06-26 18:53:11,928 - root - INFO - n_entities:        25011
2022-06-26 18:53:11,928 - root - INFO - n_users_entities:  95690
2022-06-26 18:53:11,929 - root - INFO - n_relations:       26
2022-06-26 18:53:11,929 - root - INFO - n_h_list:          1305228
2022-06-26 18:53:11,929 - root - INFO - n_t_list:          1305228
2022-06-26 18:53:11,929 - root - INFO - n_r_list:          1305228
2022-06-26 18:53:11,929 - root - INFO - n_cf_train:        652514
2022-06-26 18:53:11,929 - root - INFO - n_cf_test:         193920
2022-06-26 18:53:11,929 - root - INFO - n_kg_train:        1305228
2022-06-26 19:05:57,932 - root - INFO - Namespace(Ks='[20,40,60,80,100]', aggregation_type='bi-interaction', cf_batch_size=1024, cf_l2loss_lambda=1e-05, cf_print_every=1, conv_dim_list='[64,32,16]', data_dir='datasets/', data_name='amazon-book', embed_dim=64, evaluate_every=10, kg_batch_size=2048, kg_l2loss_lambda=1e-05, kg_print_every=1, laplacian_type='random-walk', lr=0.0001, mess_dropout='[0.1,0.1,0.1]', n_epoch=1000, pretrain_embedding_dir='datasets/pretrain/', pretrain_model_path='trained_model/model.pth', relation_dim=64, save_dir='trained_model/KGAT/amazon-book/embed-dim64_relation-dim64_random-walk_bi-interaction_64-32-16_lr0.0001_pretrain1/', seed=2022, stopping_steps=10, test_batch_size=10000, use_pretrain=1)
2022-06-26 19:06:35,167 - root - INFO - n_users:           70679
2022-06-26 19:06:35,167 - root - INFO - n_items:           24915
2022-06-26 19:06:35,167 - root - INFO - n_entities:        25011
2022-06-26 19:06:35,167 - root - INFO - n_users_entities:  95690
2022-06-26 19:06:35,167 - root - INFO - n_relations:       26
2022-06-26 19:06:35,167 - root - INFO - n_h_list:          1305228
2022-06-26 19:06:35,167 - root - INFO - n_t_list:          1305228
2022-06-26 19:06:35,167 - root - INFO - n_r_list:          1305228
2022-06-26 19:06:35,167 - root - INFO - n_cf_train:        652514
2022-06-26 19:06:35,168 - root - INFO - n_cf_test:         193920
2022-06-26 19:06:35,168 - root - INFO - n_kg_train:        1305228
2022-06-26 19:21:39,216 - root - INFO - Namespace(Ks='[20,40,60,80,100]', aggregation_type='bi-interaction', cf_batch_size=1024, cf_l2loss_lambda=1e-05, cf_print_every=1, conv_dim_list='[64,32,16]', data_dir='datasets/', data_name='amazon-book', embed_dim=64, evaluate_every=10, kg_batch_size=2048, kg_l2loss_lambda=1e-05, kg_print_every=1, laplacian_type='random-walk', lr=0.0001, mess_dropout='[0.1,0.1,0.1]', n_epoch=1000, pretrain_embedding_dir='datasets/pretrain/', pretrain_model_path='trained_model/model.pth', relation_dim=64, save_dir='trained_model/KGAT/amazon-book/embed-dim64_relation-dim64_random-walk_bi-interaction_64-32-16_lr0.0001_pretrain1/', seed=2022, stopping_steps=10, test_batch_size=10000, use_pretrain=1)
2022-06-26 19:22:16,850 - root - INFO - n_users:           70679
2022-06-26 19:22:16,851 - root - INFO - n_items:           24915
2022-06-26 19:22:16,851 - root - INFO - n_entities:        25011
2022-06-26 19:22:16,851 - root - INFO - n_users_entities:  95690
2022-06-26 19:22:16,851 - root - INFO - n_relations:       26
2022-06-26 19:22:16,851 - root - INFO - n_h_list:          1305228
2022-06-26 19:22:16,851 - root - INFO - n_t_list:          1305228
2022-06-26 19:22:16,851 - root - INFO - n_r_list:          1305228
2022-06-26 19:22:16,851 - root - INFO - n_cf_train:        652514
2022-06-26 19:22:16,851 - root - INFO - n_cf_test:         193920
2022-06-26 19:22:16,851 - root - INFO - n_kg_train:        1305228
2022-06-26 20:26:52,680 - root - INFO - Namespace(Ks='[20,40,60,80,100]', aggregation_type='bi-interaction', cf_batch_size=1024, cf_l2loss_lambda=1e-05, cf_print_every=1, conv_dim_list='[64,32,16]', data_dir='datasets/', data_name='amazon-book', embed_dim=64, evaluate_every=10, kg_batch_size=2048, kg_l2loss_lambda=1e-05, kg_print_every=1, laplacian_type='random-walk', lr=0.0001, mess_dropout='[0.1,0.1,0.1]', n_epoch=1000, pretrain_embedding_dir='datasets/pretrain/', pretrain_model_path='trained_model/model.pth', relation_dim=64, save_dir='trained_model/KGAT/amazon-book/embed-dim64_relation-dim64_random-walk_bi-interaction_64-32-16_lr0.0001_pretrain1/', seed=2022, stopping_steps=10, test_batch_size=10000, use_pretrain=1)
2022-06-26 20:27:30,305 - root - INFO - n_users:           70679
2022-06-26 20:27:30,305 - root - INFO - n_items:           24915
2022-06-26 20:27:30,305 - root - INFO - n_entities:        25011
2022-06-26 20:27:30,305 - root - INFO - n_users_entities:  95690
2022-06-26 20:27:30,305 - root - INFO - n_relations:       26
2022-06-26 20:27:30,305 - root - INFO - n_h_list:          1305228
2022-06-26 20:27:30,305 - root - INFO - n_t_list:          1305228
2022-06-26 20:27:30,305 - root - INFO - n_r_list:          1305228
2022-06-26 20:27:30,305 - root - INFO - n_cf_train:        652514
2022-06-26 20:27:30,305 - root - INFO - n_cf_test:         193920
2022-06-26 20:27:30,305 - root - INFO - n_kg_train:        1305228
2022-06-26 20:28:29,940 - root - INFO - Namespace(Ks='[20,40,60,80,100]', aggregation_type='bi-interaction', cf_batch_size=1024, cf_l2loss_lambda=1e-05, cf_print_every=1, conv_dim_list='[64,32,16]', data_dir='datasets/', data_name='amazon-book', embed_dim=64, evaluate_every=10, kg_batch_size=2048, kg_l2loss_lambda=1e-05, kg_print_every=1, laplacian_type='random-walk', lr=0.0001, mess_dropout='[0.1,0.1,0.1]', n_epoch=1000, pretrain_embedding_dir='datasets/pretrain/', pretrain_model_path='trained_model/model.pth', relation_dim=64, save_dir='trained_model/KGAT/amazon-book/embed-dim64_relation-dim64_random-walk_bi-interaction_64-32-16_lr0.0001_pretrain1/', seed=2022, stopping_steps=10, test_batch_size=10000, use_pretrain=1)
2022-06-26 20:29:07,270 - root - INFO - n_users:           70679
2022-06-26 20:29:07,270 - root - INFO - n_items:           24915
2022-06-26 20:29:07,270 - root - INFO - n_entities:        25011
2022-06-26 20:29:07,270 - root - INFO - n_users_entities:  95690
2022-06-26 20:29:07,271 - root - INFO - n_relations:       26
2022-06-26 20:29:07,271 - root - INFO - n_h_list:          1305228
2022-06-26 20:29:07,271 - root - INFO - n_t_list:          1305228
2022-06-26 20:29:07,271 - root - INFO - n_r_list:          1305228
2022-06-26 20:29:07,271 - root - INFO - n_cf_train:        652514
2022-06-26 20:29:07,271 - root - INFO - n_cf_test:         193920
2022-06-26 20:29:07,271 - root - INFO - n_kg_train:        1305228
2022-06-26 20:43:05,887 - root - INFO - Namespace(Ks='[20,40,60,80,100]', aggregation_type='bi-interaction', cf_batch_size=1024, cf_l2loss_lambda=1e-05, cf_print_every=1, conv_dim_list='[64,32,16]', data_dir='datasets/', data_name='amazon-book', embed_dim=64, evaluate_every=10, kg_batch_size=2048, kg_l2loss_lambda=1e-05, kg_print_every=1, laplacian_type='random-walk', lr=0.0001, mess_dropout='[0.1,0.1,0.1]', n_epoch=1000, pretrain_embedding_dir='datasets/pretrain/', pretrain_model_path='trained_model/model.pth', relation_dim=64, save_dir='trained_model/KGAT/amazon-book/embed-dim64_relation-dim64_random-walk_bi-interaction_64-32-16_lr0.0001_pretrain1/', seed=2022, stopping_steps=10, test_batch_size=10000, use_pretrain=1)
2022-06-26 20:43:43,571 - root - INFO - n_users:           70679
2022-06-26 20:43:43,571 - root - INFO - n_items:           24915
2022-06-26 20:43:43,571 - root - INFO - n_entities:        25011
2022-06-26 20:43:43,571 - root - INFO - n_users_entities:  95690
2022-06-26 20:43:43,571 - root - INFO - n_relations:       26
2022-06-26 20:43:43,571 - root - INFO - n_h_list:          1305228
2022-06-26 20:43:43,571 - root - INFO - n_t_list:          1305228
2022-06-26 20:43:43,571 - root - INFO - n_r_list:          1305228
2022-06-26 20:43:43,571 - root - INFO - n_cf_train:        652514
2022-06-26 20:43:43,571 - root - INFO - n_cf_test:         193920
2022-06-26 20:43:43,572 - root - INFO - n_kg_train:        1305228
2022-06-26 20:47:26,402 - root - INFO - Namespace(Ks='[20,40,60,80,100]', aggregation_type='bi-interaction', cf_batch_size=1024, cf_l2loss_lambda=1e-05, cf_print_every=1, conv_dim_list='[64,32,16]', data_dir='datasets/', data_name='amazon-book', embed_dim=64, evaluate_every=10, kg_batch_size=2048, kg_l2loss_lambda=1e-05, kg_print_every=1, laplacian_type='random-walk', lr=0.0001, mess_dropout='[0.1,0.1,0.1]', n_epoch=1000, pretrain_embedding_dir='datasets/pretrain/', pretrain_model_path='trained_model/model.pth', relation_dim=64, save_dir='trained_model/KGAT/amazon-book/embed-dim64_relation-dim64_random-walk_bi-interaction_64-32-16_lr0.0001_pretrain1/', seed=2022, stopping_steps=10, test_batch_size=10000, use_pretrain=1)
2022-06-26 20:48:03,612 - root - INFO - n_users:           70679
2022-06-26 20:48:03,612 - root - INFO - n_items:           24915
2022-06-26 20:48:03,612 - root - INFO - n_entities:        25011
2022-06-26 20:48:03,613 - root - INFO - n_users_entities:  95690
2022-06-26 20:48:03,613 - root - INFO - n_relations:       26
2022-06-26 20:48:03,613 - root - INFO - n_h_list:          1305228
2022-06-26 20:48:03,613 - root - INFO - n_t_list:          1305228
2022-06-26 20:48:03,613 - root - INFO - n_r_list:          1305228
2022-06-26 20:48:03,613 - root - INFO - n_cf_train:        652514
2022-06-26 20:48:03,613 - root - INFO - n_cf_test:         193920
2022-06-26 20:48:03,613 - root - INFO - n_kg_train:        1305228
2022-06-26 20:50:50,154 - root - INFO - Namespace(Ks='[20,40,60,80,100]', aggregation_type='bi-interaction', cf_batch_size=1024, cf_l2loss_lambda=1e-05, cf_print_every=1, conv_dim_list='[64,32,16]', data_dir='datasets/', data_name='amazon-book', embed_dim=64, evaluate_every=10, kg_batch_size=2048, kg_l2loss_lambda=1e-05, kg_print_every=1, laplacian_type='random-walk', lr=0.0001, mess_dropout='[0.1,0.1,0.1]', n_epoch=1000, pretrain_embedding_dir='datasets/pretrain/', pretrain_model_path='trained_model/model.pth', relation_dim=64, save_dir='trained_model/KGAT/amazon-book/embed-dim64_relation-dim64_random-walk_bi-interaction_64-32-16_lr0.0001_pretrain1/', seed=2022, stopping_steps=10, test_batch_size=10000, use_pretrain=1)
2022-06-26 20:51:28,155 - root - INFO - n_users:           70679
2022-06-26 20:51:28,155 - root - INFO - n_items:           24915
2022-06-26 20:51:28,156 - root - INFO - n_entities:        25011
2022-06-26 20:51:28,156 - root - INFO - n_users_entities:  95690
2022-06-26 20:51:28,156 - root - INFO - n_relations:       26
2022-06-26 20:51:28,156 - root - INFO - n_h_list:          1305228
2022-06-26 20:51:28,156 - root - INFO - n_t_list:          1305228
2022-06-26 20:51:28,156 - root - INFO - n_r_list:          1305228
2022-06-26 20:51:28,156 - root - INFO - n_cf_train:        652514
2022-06-26 20:51:28,156 - root - INFO - n_cf_test:         193920
2022-06-26 20:51:28,156 - root - INFO - n_kg_train:        1305228
2022-06-27 10:26:13,154 - root - INFO - Namespace(Ks='[20,40,60,80,100]', aggregation_type='bi-interaction', cf_batch_size=1024, cf_l2loss_lambda=1e-05, cf_print_every=1, conv_dim_list='[64,32,16]', data_dir='datasets/', data_name='amazon-book', embed_dim=64, evaluate_every=10, kg_batch_size=2048, kg_l2loss_lambda=1e-05, kg_print_every=1, laplacian_type='random-walk', lr=0.0001, mess_dropout='[0.1,0.1,0.1]', n_epoch=1000, pretrain_embedding_dir='datasets/pretrain/', pretrain_model_path='trained_model/model.pth', relation_dim=64, save_dir='trained_model/KGAT/amazon-book/embed-dim64_relation-dim64_random-walk_bi-interaction_64-32-16_lr0.0001_pretrain1/', seed=2022, stopping_steps=10, test_batch_size=10000, use_pretrain=1)
2022-06-27 10:29:12,871 - root - INFO - n_users:           70679
2022-06-27 10:29:12,871 - root - INFO - n_items:           24915
2022-06-27 10:29:12,871 - root - INFO - n_entities:        113487
2022-06-27 10:29:12,871 - root - INFO - n_users_entities:  184166
2022-06-27 10:29:12,871 - root - INFO - n_relations:       80
2022-06-27 10:29:12,872 - root - INFO - n_h_list:          6420520
2022-06-27 10:29:12,872 - root - INFO - n_t_list:          6420520
2022-06-27 10:29:12,872 - root - INFO - n_r_list:          6420520
2022-06-27 10:29:12,872 - root - INFO - n_cf_train:        652514
2022-06-27 10:29:12,872 - root - INFO - n_cf_test:         193920
2022-06-27 10:29:12,872 - root - INFO - n_kg_train:        6420520
